{"C:\\Users\\Admin\\Desktop\\7MO SEMESTRE\\ASEGURAMIENTO DE LA CALIDAD\\PRIMER PARCIAL\\REPOSITORIO\\22426_G2_ADS\\CODIGO\\CF_V1.0.2\\client\\src\\contexts\\AuthContext.jsx": {"path":"C:\\Users\\Admin\\Desktop\\7MO SEMESTRE\\ASEGURAMIENTO DE LA CALIDAD\\PRIMER PARCIAL\\REPOSITORIO\\22426_G2_ADS\\CODIGO\\CF_V1.0.2\\client\\src\\contexts\\AuthContext.jsx","statementMap":{"0":{"start":{"line":6,"column":13},"end":{"line":6,"column":null}},"1":{"start":{"line":9,"column":28},"end":{"line":87,"column":null}},"2":{"start":{"line":11,"column":25},"end":{"line":11,"column":null}},"3":{"start":{"line":12,"column":47},"end":{"line":12,"column":null}},"4":{"start":{"line":13,"column":31},"end":{"line":13,"column":null}},"5":{"start":{"line":14,"column":10},"end":{"line":14,"column":null}},"6":{"start":{"line":16,"column":4},"end":{"line":34,"column":null}},"7":{"start":{"line":17,"column":26},"end":{"line":32,"column":null}},"8":{"start":{"line":18,"column":12},"end":{"line":31,"column":null}},"9":{"start":{"line":19,"column":33},"end":{"line":19,"column":null}},"10":{"start":{"line":20,"column":30},"end":{"line":20,"column":null}},"11":{"start":{"line":22,"column":16},"end":{"line":25,"column":null}},"12":{"start":{"line":23,"column":20},"end":{"line":23,"column":null}},"13":{"start":{"line":24,"column":20},"end":{"line":24,"column":null}},"14":{"start":{"line":27,"column":16},"end":{"line":27,"column":null}},"15":{"start":{"line":28,"column":16},"end":{"line":28,"column":null}},"16":{"start":{"line":30,"column":16},"end":{"line":30,"column":null}},"17":{"start":{"line":33,"column":8},"end":{"line":33,"column":null}},"18":{"start":{"line":36,"column":18},"end":{"line":57,"column":null}},"19":{"start":{"line":37,"column":8},"end":{"line":56,"column":null}},"20":{"start":{"line":38,"column":24},"end":{"line":38,"column":null}},"21":{"start":{"line":40,"column":11},"end":{"line":45,"column":null}},"22":{"start":{"line":41,"column":16},"end":{"line":44,"column":null}},"23":{"start":{"line":47,"column":12},"end":{"line":47,"column":null}},"24":{"start":{"line":49,"column":12},"end":{"line":49,"column":null}},"25":{"start":{"line":50,"column":12},"end":{"line":50,"column":null}},"26":{"start":{"line":52,"column":12},"end":{"line":52,"column":null}},"27":{"start":{"line":54,"column":12},"end":{"line":54,"column":null}},"28":{"start":{"line":55,"column":12},"end":{"line":55,"column":null}},"29":{"start":{"line":59,"column":19},"end":{"line":64,"column":null}},"30":{"start":{"line":60,"column":8},"end":{"line":60,"column":null}},"31":{"start":{"line":61,"column":8},"end":{"line":61,"column":null}},"32":{"start":{"line":62,"column":8},"end":{"line":62,"column":null}},"33":{"start":{"line":63,"column":8},"end":{"line":63,"column":null}},"34":{"start":{"line":66,"column":25},"end":{"line":72,"column":null}},"35":{"start":{"line":74,"column":4},"end":{"line":80,"column":null}},"36":{"start":{"line":75,"column":8},"end":{"line":77,"column":null}},"37":{"start":{"line":82,"column":4},"end":{"line":84,"column":null}}},"fnMap":{"0":{"name":"(anonymous_0)","decl":{"start":{"line":9,"column":28},"end":{"line":9,"column":29}},"loc":{"start":{"line":9,"column":41},"end":{"line":87,"column":null}},"line":9},"1":{"name":"(anonymous_1)","decl":{"start":{"line":16,"column":14},"end":{"line":16,"column":null}},"loc":{"start":{"line":16,"column":14},"end":{"line":34,"column":7}},"line":16},"2":{"name":"(anonymous_2)","decl":{"start":{"line":17,"column":26},"end":{"line":17,"column":null}},"loc":{"start":{"line":17,"column":26},"end":{"line":32,"column":null}},"line":17},"3":{"name":"(anonymous_3)","decl":{"start":{"line":36,"column":18},"end":{"line":36,"column":25}},"loc":{"start":{"line":36,"column":32},"end":{"line":57,"column":null}},"line":36},"4":{"name":"(anonymous_4)","decl":{"start":{"line":59,"column":19},"end":{"line":59,"column":null}},"loc":{"start":{"line":59,"column":19},"end":{"line":64,"column":null}},"line":59}},"branchMap":{"0":{"loc":{"start":{"line":22,"column":16},"end":{"line":25,"column":null}},"type":"if","locations":[{"start":{"line":22,"column":16},"end":{"line":25,"column":null}},{"start":{},"end":{}}],"line":22},"1":{"loc":{"start":{"line":22,"column":20},"end":{"line":22,"column":39}},"type":"binary-expr","locations":[{"start":{"line":22,"column":20},"end":{"line":22,"column":32}},{"start":{"line":22,"column":32},"end":{"line":22,"column":39}}],"line":22},"2":{"loc":{"start":{"line":40,"column":11},"end":{"line":45,"column":null}},"type":"if","locations":[{"start":{"line":40,"column":11},"end":{"line":45,"column":null}},{"start":{},"end":{}}],"line":40},"3":{"loc":{"start":{"line":43,"column":30},"end":{"line":43,"column":null}},"type":"binary-expr","locations":[{"start":{"line":43,"column":30},"end":{"line":43,"column":42}},{"start":{"line":43,"column":46},"end":{"line":43,"column":null}}],"line":43},"4":{"loc":{"start":{"line":44,"column":32},"end":{"line":44,"column":58}},"type":"binary-expr","locations":[{"start":{"line":44,"column":32},"end":{"line":44,"column":46}},{"start":{"line":44,"column":50},"end":{"line":44,"column":58}}],"line":44},"5":{"loc":{"start":{"line":74,"column":4},"end":{"line":80,"column":null}},"type":"if","locations":[{"start":{"line":74,"column":4},"end":{"line":80,"column":null}},{"start":{},"end":{}}],"line":74}},"s":{"0":1,"1":1,"2":0,"3":0,"4":0,"5":0,"6":0,"7":0,"8":0,"9":0,"10":0,"11":0,"12":0,"13":0,"14":0,"15":0,"16":0,"17":0,"18":0,"19":0,"20":0,"21":0,"22":0,"23":0,"24":0,"25":0,"26":0,"27":0,"28":0,"29":0,"30":0,"31":0,"32":0,"33":0,"34":0,"35":0,"36":0,"37":0},"f":{"0":0,"1":0,"2":0,"3":0,"4":0},"b":{"0":[0,0],"1":[0,0],"2":[0,0],"3":[0,0],"4":[0,0],"5":[0,0]},"meta":{"lastBranch":6,"lastFunction":5,"lastStatement":38,"seen":{"s:6:13:6:Infinity":0,"s:9:28:87:Infinity":1,"f:9:28:9:29":0,"s:11:25:11:Infinity":2,"s:12:47:12:Infinity":3,"s:13:31:13:Infinity":4,"s:14:10:14:Infinity":5,"s:16:4:34:Infinity":6,"f:16:14:16:Infinity":1,"s:17:26:32:Infinity":7,"f:17:26:17:Infinity":2,"s:18:12:31:Infinity":8,"s:19:33:19:Infinity":9,"s:20:30:20:Infinity":10,"b:22:16:25:Infinity:undefined:undefined:undefined:undefined":0,"s:22:16:25:Infinity":11,"b:22:20:22:32:22:32:22:39":1,"s:23:20:23:Infinity":12,"s:24:20:24:Infinity":13,"s:27:16:27:Infinity":14,"s:28:16:28:Infinity":15,"s:30:16:30:Infinity":16,"s:33:8:33:Infinity":17,"s:36:18:57:Infinity":18,"f:36:18:36:25":3,"s:37:8:56:Infinity":19,"s:38:24:38:Infinity":20,"b:40:11:45:Infinity:undefined:undefined:undefined:undefined":2,"s:40:11:45:Infinity":21,"s:41:16:44:Infinity":22,"b:43:30:43:42:43:46:43:Infinity":3,"b:44:32:44:46:44:50:44:58":4,"s:47:12:47:Infinity":23,"s:49:12:49:Infinity":24,"s:50:12:50:Infinity":25,"s:52:12:52:Infinity":26,"s:54:12:54:Infinity":27,"s:55:12:55:Infinity":28,"s:59:19:64:Infinity":29,"f:59:19:59:Infinity":4,"s:60:8:60:Infinity":30,"s:61:8:61:Infinity":31,"s:62:8:62:Infinity":32,"s:63:8:63:Infinity":33,"s:66:25:72:Infinity":34,"b:74:4:80:Infinity:undefined:undefined:undefined:undefined":5,"s:74:4:80:Infinity":35,"s:75:8:77:Infinity":36,"s:82:4:84:Infinity":37}}}
,"C:\\Users\\Admin\\Desktop\\7MO SEMESTRE\\ASEGURAMIENTO DE LA CALIDAD\\PRIMER PARCIAL\\REPOSITORIO\\22426_G2_ADS\\CODIGO\\CF_V1.0.2\\client\\src\\hooks\\useAuth.js": {"path":"C:\\Users\\Admin\\Desktop\\7MO SEMESTRE\\ASEGURAMIENTO DE LA CALIDAD\\PRIMER PARCIAL\\REPOSITORIO\\22426_G2_ADS\\CODIGO\\CF_V1.0.2\\client\\src\\hooks\\useAuth.js","statementMap":{"0":{"start":{"line":4,"column":16},"end":{"line":12,"column":1}},"1":{"start":{"line":5,"column":19},"end":{"line":5,"column":43}},"2":{"start":{"line":7,"column":4},"end":{"line":9,"column":5}},"3":{"start":{"line":8,"column":8},"end":{"line":8,"column":77}},"4":{"start":{"line":11,"column":4},"end":{"line":11,"column":19}}},"fnMap":{"0":{"name":"(anonymous_0)","decl":{"start":{"line":4,"column":16},"end":{"line":4,"column":17}},"loc":{"start":{"line":4,"column":22},"end":{"line":12,"column":1}},"line":4}},"branchMap":{"0":{"loc":{"start":{"line":7,"column":4},"end":{"line":9,"column":5}},"type":"if","locations":[{"start":{"line":7,"column":4},"end":{"line":9,"column":5}},{"start":{},"end":{}}],"line":7}},"s":{"0":1,"1":8,"2":8,"3":0,"4":8},"f":{"0":8},"b":{"0":[0,8]},"meta":{"lastBranch":1,"lastFunction":1,"lastStatement":5,"seen":{"s:4:16:12:1":0,"f:4:16:4:17":0,"s:5:19:5:43":1,"b:7:4:9:5:undefined:undefined:undefined:undefined":0,"s:7:4:9:5":2,"s:8:8:8:77":3,"s:11:4:11:19":4}}}
,"C:\\Users\\Admin\\Desktop\\7MO SEMESTRE\\ASEGURAMIENTO DE LA CALIDAD\\PRIMER PARCIAL\\REPOSITORIO\\22426_G2_ADS\\CODIGO\\CF_V1.0.2\\client\\src\\pages\\Login.jsx": {"path":"C:\\Users\\Admin\\Desktop\\7MO SEMESTRE\\ASEGURAMIENTO DE LA CALIDAD\\PRIMER PARCIAL\\REPOSITORIO\\22426_G2_ADS\\CODIGO\\CF_V1.0.2\\client\\src\\pages\\Login.jsx","statementMap":{"0":{"start":{"line":7,"column":14},"end":{"line":206,"column":null}},"1":{"start":{"line":8,"column":39},"end":{"line":8,"column":null}},"2":{"start":{"line":9,"column":57},"end":{"line":9,"column":null}},"3":{"start":{"line":10,"column":17},"end":{"line":10,"column":null}},"4":{"start":{"line":11,"column":33},"end":{"line":11,"column":null}},"5":{"start":{"line":12,"column":25},"end":{"line":12,"column":null}},"6":{"start":{"line":13,"column":8},"end":{"line":13,"column":null}},"7":{"start":{"line":14,"column":8},"end":{"line":14,"column":null}},"8":{"start":{"line":17,"column":28},"end":{"line":27,"column":null}},"9":{"start":{"line":29,"column":23},"end":{"line":39,"column":null}},"10":{"start":{"line":41,"column":25},"end":{"line":52,"column":null}},"11":{"start":{"line":54,"column":20},"end":{"line":58,"column":null}},"12":{"start":{"line":55,"column":4},"end":{"line":55,"column":null}},"13":{"start":{"line":56,"column":4},"end":{"line":56,"column":null}},"14":{"start":{"line":56,"column":30},"end":{"line":56,"column":null}},"15":{"start":{"line":57,"column":4},"end":{"line":57,"column":null}},"16":{"start":{"line":57,"column":44},"end":{"line":57,"column":58}},"17":{"start":{"line":60,"column":19},"end":{"line":83,"column":null}},"18":{"start":{"line":61,"column":4},"end":{"line":61,"column":null}},"19":{"start":{"line":62,"column":4},"end":{"line":82,"column":null}},"20":{"start":{"line":63,"column":21},"end":{"line":63,"column":null}},"21":{"start":{"line":64,"column":6},"end":{"line":76,"column":null}},"22":{"start":{"line":65,"column":8},"end":{"line":73,"column":null}},"23":{"start":{"line":66,"column":10},"end":{"line":66,"column":null}},"24":{"start":{"line":67,"column":15},"end":{"line":73,"column":null}},"25":{"start":{"line":68,"column":10},"end":{"line":68,"column":null}},"26":{"start":{"line":69,"column":15},"end":{"line":73,"column":null}},"27":{"start":{"line":70,"column":10},"end":{"line":70,"column":null}},"28":{"start":{"line":72,"column":10},"end":{"line":72,"column":null}},"29":{"start":{"line":75,"column":8},"end":{"line":75,"column":null}},"30":{"start":{"line":78,"column":6},"end":{"line":78,"column":null}},"31":{"start":{"line":79,"column":6},"end":{"line":79,"column":null}},"32":{"start":{"line":81,"column":6},"end":{"line":81,"column":null}},"33":{"start":{"line":85,"column":2},"end":{"line":198,"column":null}},"34":{"start":{"line":146,"column":31},"end":{"line":146,"column":null}}},"fnMap":{"0":{"name":"(anonymous_0)","decl":{"start":{"line":7,"column":14},"end":{"line":7,"column":null}},"loc":{"start":{"line":7,"column":14},"end":{"line":206,"column":null}},"line":7},"1":{"name":"(anonymous_1)","decl":{"start":{"line":54,"column":20},"end":{"line":54,"column":21}},"loc":{"start":{"line":54,"column":21},"end":{"line":58,"column":null}},"line":54},"2":{"name":"(anonymous_2)","decl":{"start":{"line":57,"column":38},"end":{"line":57,"column":44}},"loc":{"start":{"line":57,"column":44},"end":{"line":57,"column":58}},"line":57},"3":{"name":"(anonymous_3)","decl":{"start":{"line":60,"column":19},"end":{"line":60,"column":26}},"loc":{"start":{"line":60,"column":26},"end":{"line":83,"column":null}},"line":60},"4":{"name":"(anonymous_4)","decl":{"start":{"line":146,"column":25},"end":{"line":146,"column":31}},"loc":{"start":{"line":146,"column":31},"end":{"line":146,"column":null}},"line":146}},"branchMap":{"0":{"loc":{"start":{"line":56,"column":4},"end":{"line":56,"column":null}},"type":"if","locations":[{"start":{"line":56,"column":4},"end":{"line":56,"column":null}},{"start":{},"end":{}}],"line":56},"1":{"loc":{"start":{"line":64,"column":6},"end":{"line":76,"column":null}},"type":"if","locations":[{"start":{"line":64,"column":6},"end":{"line":76,"column":null}},{"start":{"line":74,"column":13},"end":{"line":76,"column":null}}],"line":64},"2":{"loc":{"start":{"line":65,"column":8},"end":{"line":73,"column":null}},"type":"if","locations":[{"start":{"line":65,"column":8},"end":{"line":73,"column":null}},{"start":{"line":67,"column":15},"end":{"line":73,"column":null}}],"line":65},"3":{"loc":{"start":{"line":67,"column":15},"end":{"line":73,"column":null}},"type":"if","locations":[{"start":{"line":67,"column":15},"end":{"line":73,"column":null}},{"start":{"line":69,"column":15},"end":{"line":73,"column":null}}],"line":67},"4":{"loc":{"start":{"line":69,"column":15},"end":{"line":73,"column":null}},"type":"if","locations":[{"start":{"line":69,"column":15},"end":{"line":73,"column":null}},{"start":{"line":71,"column":15},"end":{"line":73,"column":null}}],"line":69},"5":{"loc":{"start":{"line":105,"column":9},"end":{"line":111,"column":null}},"type":"binary-expr","locations":[{"start":{"line":105,"column":9},"end":{"line":105,"column":null}},{"start":{"line":105,"column":9},"end":{"line":111,"column":null}}],"line":105},"6":{"loc":{"start":{"line":132,"column":64},"end":{"line":132,"column":116}},"type":"cond-expr","locations":[{"start":{"line":132,"column":79},"end":{"line":132,"column":98}},{"start":{"line":132,"column":98},"end":{"line":132,"column":116}}],"line":132},"7":{"loc":{"start":{"line":134,"column":13},"end":{"line":135,"column":null}},"type":"binary-expr","locations":[{"start":{"line":134,"column":13},"end":{"line":134,"column":25}},{"start":{"line":134,"column":25},"end":{"line":135,"column":null}}],"line":134},"8":{"loc":{"start":{"line":149,"column":17},"end":{"line":149,"column":null}},"type":"cond-expr","locations":[{"start":{"line":149,"column":32},"end":{"line":149,"column":44}},{"start":{"line":149,"column":44},"end":{"line":149,"column":null}}],"line":149},"9":{"loc":{"start":{"line":154,"column":20},"end":{"line":154,"column":null}},"type":"cond-expr","locations":[{"start":{"line":154,"column":35},"end":{"line":154,"column":44}},{"start":{"line":154,"column":44},"end":{"line":154,"column":null}}],"line":154},"10":{"loc":{"start":{"line":163,"column":64},"end":{"line":163,"column":119}},"type":"cond-expr","locations":[{"start":{"line":163,"column":82},"end":{"line":163,"column":101}},{"start":{"line":163,"column":101},"end":{"line":163,"column":119}}],"line":163},"11":{"loc":{"start":{"line":165,"column":13},"end":{"line":166,"column":null}},"type":"binary-expr","locations":[{"start":{"line":165,"column":13},"end":{"line":165,"column":28}},{"start":{"line":165,"column":28},"end":{"line":166,"column":null}}],"line":165},"12":{"loc":{"start":{"line":179,"column":15},"end":{"line":188,"column":null}},"type":"cond-expr","locations":[{"start":{"line":179,"column":15},"end":{"line":188,"column":null}},{"start":{"line":188,"column":16},"end":{"line":188,"column":null}}],"line":179}},"s":{"0":1,"1":8,"2":8,"3":8,"4":8,"5":8,"6":8,"7":8,"8":8,"9":8,"10":8,"11":8,"12":0,"13":0,"14":0,"15":0,"16":0,"17":8,"18":0,"19":0,"20":0,"21":0,"22":0,"23":0,"24":0,"25":0,"26":0,"27":0,"28":0,"29":0,"30":0,"31":0,"32":0,"33":8,"34":0},"f":{"0":8,"1":0,"2":0,"3":0,"4":0},"b":{"0":[0,0],"1":[0,0],"2":[0,0],"3":[0,0],"4":[0,0],"5":[8,0],"6":[0,8],"7":[8,0],"8":[0,8],"9":[0,8],"10":[0,8],"11":[8,0],"12":[0,8]},"meta":{"lastBranch":13,"lastFunction":5,"lastStatement":35,"seen":{"s:7:14:206:Infinity":0,"f:7:14:7:Infinity":0,"s:8:39:8:Infinity":1,"s:9:57:9:Infinity":2,"s:10:17:10:Infinity":3,"s:11:33:11:Infinity":4,"s:12:25:12:Infinity":5,"s:13:8:13:Infinity":6,"s:14:8:14:Infinity":7,"s:17:28:27:Infinity":8,"s:29:23:39:Infinity":9,"s:41:25:52:Infinity":10,"s:54:20:58:Infinity":11,"f:54:20:54:21":1,"s:55:4:55:Infinity":12,"b:56:4:56:Infinity:undefined:undefined:undefined:undefined":0,"s:56:4:56:Infinity":13,"s:56:30:56:Infinity":14,"s:57:4:57:Infinity":15,"f:57:38:57:44":2,"s:57:44:57:58":16,"s:60:19:83:Infinity":17,"f:60:19:60:26":3,"s:61:4:61:Infinity":18,"s:62:4:82:Infinity":19,"s:63:21:63:Infinity":20,"b:64:6:76:Infinity:74:13:76:Infinity":1,"s:64:6:76:Infinity":21,"b:65:8:73:Infinity:67:15:73:Infinity":2,"s:65:8:73:Infinity":22,"s:66:10:66:Infinity":23,"b:67:15:73:Infinity:69:15:73:Infinity":3,"s:67:15:73:Infinity":24,"s:68:10:68:Infinity":25,"b:69:15:73:Infinity:71:15:73:Infinity":4,"s:69:15:73:Infinity":26,"s:70:10:70:Infinity":27,"s:72:10:72:Infinity":28,"s:75:8:75:Infinity":29,"s:78:6:78:Infinity":30,"s:79:6:79:Infinity":31,"s:81:6:81:Infinity":32,"s:85:2:198:Infinity":33,"b:105:9:105:Infinity:105:9:111:Infinity":5,"b:132:79:132:98:132:98:132:116":6,"b:134:13:134:25:134:25:135:Infinity":7,"f:146:25:146:31":4,"s:146:31:146:Infinity":34,"b:149:32:149:44:149:44:149:Infinity":8,"b:154:35:154:44:154:44:154:Infinity":9,"b:163:82:163:101:163:101:163:119":10,"b:165:13:165:28:165:28:166:Infinity":11,"b:179:15:188:Infinity:188:16:188:Infinity":12}}}
,"C:\\Users\\Admin\\Desktop\\7MO SEMESTRE\\ASEGURAMIENTO DE LA CALIDAD\\PRIMER PARCIAL\\REPOSITORIO\\22426_G2_ADS\\CODIGO\\CF_V1.0.2\\client\\src\\services\\api.js": {"path":"C:\\Users\\Admin\\Desktop\\7MO SEMESTRE\\ASEGURAMIENTO DE LA CALIDAD\\PRIMER PARCIAL\\REPOSITORIO\\22426_G2_ADS\\CODIGO\\CF_V1.0.2\\client\\src\\services\\api.js","statementMap":{"0":{"start":{"line":3,"column":12},"end":{"line":8,"column":2}},"1":{"start":{"line":10,"column":0},"end":{"line":21,"column":2}},"2":{"start":{"line":12,"column":22},"end":{"line":12,"column":51}},"3":{"start":{"line":13,"column":8},"end":{"line":15,"column":9}},"4":{"start":{"line":14,"column":12},"end":{"line":14,"column":61}},"5":{"start":{"line":16,"column":8},"end":{"line":16,"column":22}},"6":{"start":{"line":19,"column":8},"end":{"line":19,"column":37}},"7":{"start":{"line":23,"column":0},"end":{"line":39,"column":2}},"8":{"start":{"line":25,"column":8},"end":{"line":25,"column":24}},"9":{"start":{"line":29,"column":4},"end":{"line":36,"column":5}},"10":{"start":{"line":32,"column":6},"end":{"line":32,"column":39}},"11":{"start":{"line":33,"column":6},"end":{"line":33,"column":38}},"12":{"start":{"line":34,"column":6},"end":{"line":34,"column":27}},"13":{"start":{"line":35,"column":6},"end":{"line":35,"column":38}},"14":{"start":{"line":37,"column":4},"end":{"line":37,"column":33}}},"fnMap":{"0":{"name":"(anonymous_0)","decl":{"start":{"line":11,"column":4},"end":{"line":11,"column":5}},"loc":{"start":{"line":11,"column":16},"end":{"line":17,"column":5}},"line":11},"1":{"name":"(anonymous_1)","decl":{"start":{"line":18,"column":4},"end":{"line":18,"column":5}},"loc":{"start":{"line":18,"column":15},"end":{"line":20,"column":5}},"line":18},"2":{"name":"(anonymous_2)","decl":{"start":{"line":24,"column":4},"end":{"line":24,"column":5}},"loc":{"start":{"line":24,"column":18},"end":{"line":26,"column":5}},"line":24},"3":{"name":"(anonymous_3)","decl":{"start":{"line":27,"column":4},"end":{"line":27,"column":5}},"loc":{"start":{"line":27,"column":15},"end":{"line":38,"column":3}},"line":27}},"branchMap":{"0":{"loc":{"start":{"line":13,"column":8},"end":{"line":15,"column":9}},"type":"if","locations":[{"start":{"line":13,"column":8},"end":{"line":15,"column":9}},{"start":{},"end":{}}],"line":13},"1":{"loc":{"start":{"line":29,"column":4},"end":{"line":36,"column":5}},"type":"if","locations":[{"start":{"line":29,"column":4},"end":{"line":36,"column":5}},{"start":{},"end":{}}],"line":29},"2":{"loc":{"start":{"line":29,"column":8},"end":{"line":30,"column":49}},"type":"binary-expr","locations":[{"start":{"line":29,"column":8},"end":{"line":29,"column":22}},{"start":{"line":29,"column":26},"end":{"line":29,"column":55}},{"start":{"line":30,"column":8},"end":{"line":30,"column":49}}],"line":29}},"s":{"0":1,"1":1,"2":0,"3":0,"4":0,"5":0,"6":0,"7":1,"8":0,"9":0,"10":0,"11":0,"12":0,"13":0,"14":0},"f":{"0":0,"1":0,"2":0,"3":0},"b":{"0":[0,0],"1":[0,0],"2":[0,0,0]},"meta":{"lastBranch":3,"lastFunction":4,"lastStatement":15,"seen":{"s:3:12:8:2":0,"s:10:0:21:2":1,"f:11:4:11:5":0,"s:12:22:12:51":2,"b:13:8:15:9:undefined:undefined:undefined:undefined":0,"s:13:8:15:9":3,"s:14:12:14:61":4,"s:16:8:16:22":5,"f:18:4:18:5":1,"s:19:8:19:37":6,"s:23:0:39:2":7,"f:24:4:24:5":2,"s:25:8:25:24":8,"f:27:4:27:5":3,"b:29:4:36:5:undefined:undefined:undefined:undefined":1,"s:29:4:36:5":9,"b:29:8:29:22:29:26:29:55:30:8:30:49":2,"s:32:6:32:39":10,"s:33:6:33:38":11,"s:34:6:34:27":12,"s:35:6:35:38":13,"s:37:4:37:33":14}}}
,"C:\\Users\\Admin\\Desktop\\7MO SEMESTRE\\ASEGURAMIENTO DE LA CALIDAD\\PRIMER PARCIAL\\REPOSITORIO\\22426_G2_ADS\\CODIGO\\CF_V1.0.2\\client\\src\\services\\authService.js": {"path":"C:\\Users\\Admin\\Desktop\\7MO SEMESTRE\\ASEGURAMIENTO DE LA CALIDAD\\PRIMER PARCIAL\\REPOSITORIO\\22426_G2_ADS\\CODIGO\\CF_V1.0.2\\client\\src\\services\\authService.js","statementMap":{"0":{"start":{"line":3,"column":20},"end":{"line":87,"column":1}},"1":{"start":{"line":5,"column":8},"end":{"line":66,"column":9}},"2":{"start":{"line":6,"column":29},"end":{"line":6,"column":77}},"3":{"start":{"line":8,"column":33},"end":{"line":8,"column":46}},"4":{"start":{"line":10,"column":12},"end":{"line":15,"column":13}},"5":{"start":{"line":11,"column":16},"end":{"line":14,"column":18}},"6":{"start":{"line":17,"column":12},"end":{"line":30,"column":13}},"7":{"start":{"line":18,"column":16},"end":{"line":23,"column":18}},"8":{"start":{"line":25,"column":16},"end":{"line":25,"column":83}},"9":{"start":{"line":26,"column":16},"end":{"line":29,"column":18}},"10":{"start":{"line":32,"column":12},"end":{"line":32,"column":68}},"11":{"start":{"line":34,"column":12},"end":{"line":65,"column":13}},"12":{"start":{"line":35,"column":33},"end":{"line":35,"column":83}},"13":{"start":{"line":36,"column":16},"end":{"line":54,"column":17}},"14":{"start":{"line":37,"column":20},"end":{"line":41,"column":22}},"15":{"start":{"line":42,"column":22},"end":{"line":54,"column":17}},"16":{"start":{"line":43,"column":20},"end":{"line":47,"column":22}},"17":{"start":{"line":49,"column":20},"end":{"line":53,"column":22}},"18":{"start":{"line":55,"column":18},"end":{"line":65,"column":13}},"19":{"start":{"line":56,"column":16},"end":{"line":59,"column":18}},"20":{"start":{"line":61,"column":16},"end":{"line":64,"column":18}},"21":{"start":{"line":69,"column":8},"end":{"line":69,"column":59}},"22":{"start":{"line":70,"column":8},"end":{"line":70,"column":45}},"23":{"start":{"line":74,"column":21},"end":{"line":74,"column":49}},"24":{"start":{"line":75,"column":8},"end":{"line":75,"column":46}},"25":{"start":{"line":79,"column":8},"end":{"line":79,"column":45}},"26":{"start":{"line":83,"column":8},"end":{"line":83,"column":41}},"27":{"start":{"line":84,"column":8},"end":{"line":84,"column":40}},"28":{"start":{"line":85,"column":8},"end":{"line":85,"column":40}}},"fnMap":{"0":{"name":"(anonymous_0)","decl":{"start":{"line":4,"column":11},"end":{"line":4,"column":16}},"loc":{"start":{"line":4,"column":37},"end":{"line":67,"column":5}},"line":4},"1":{"name":"(anonymous_1)","decl":{"start":{"line":68,"column":17},"end":{"line":68,"column":18}},"loc":{"start":{"line":68,"column":34},"end":{"line":71,"column":5}},"line":68},"2":{"name":"(anonymous_2)","decl":{"start":{"line":73,"column":17},"end":{"line":73,"column":18}},"loc":{"start":{"line":73,"column":23},"end":{"line":76,"column":5}},"line":73},"3":{"name":"(anonymous_3)","decl":{"start":{"line":78,"column":14},"end":{"line":78,"column":15}},"loc":{"start":{"line":78,"column":20},"end":{"line":80,"column":5}},"line":78},"4":{"name":"(anonymous_4)","decl":{"start":{"line":82,"column":12},"end":{"line":82,"column":13}},"loc":{"start":{"line":82,"column":18},"end":{"line":86,"column":5}},"line":82}},"branchMap":{"0":{"loc":{"start":{"line":10,"column":12},"end":{"line":15,"column":13}},"type":"if","locations":[{"start":{"line":10,"column":12},"end":{"line":15,"column":13}},{"start":{},"end":{}}],"line":10},"1":{"loc":{"start":{"line":13,"column":29},"end":{"line":13,"column":93}},"type":"binary-expr","locations":[{"start":{"line":13,"column":29},"end":{"line":13,"column":49}},{"start":{"line":13,"column":53},"end":{"line":13,"column":93}}],"line":13},"2":{"loc":{"start":{"line":17,"column":12},"end":{"line":30,"column":13}},"type":"if","locations":[{"start":{"line":17,"column":12},"end":{"line":30,"column":13}},{"start":{"line":24,"column":17},"end":{"line":30,"column":13}}],"line":17},"3":{"loc":{"start":{"line":17,"column":16},"end":{"line":17,"column":92}},"type":"binary-expr","locations":[{"start":{"line":17,"column":16},"end":{"line":17,"column":34}},{"start":{"line":17,"column":38},"end":{"line":17,"column":64}},{"start":{"line":17,"column":68},"end":{"line":17,"column":92}}],"line":17},"4":{"loc":{"start":{"line":34,"column":12},"end":{"line":65,"column":13}},"type":"if","locations":[{"start":{"line":34,"column":12},"end":{"line":65,"column":13}},{"start":{"line":55,"column":18},"end":{"line":65,"column":13}}],"line":34},"5":{"loc":{"start":{"line":34,"column":15},"end":{"line":34,"column":62}},"type":"binary-expr","locations":[{"start":{"line":34,"column":15},"end":{"line":34,"column":29}},{"start":{"line":34,"column":33},"end":{"line":34,"column":62}}],"line":34},"6":{"loc":{"start":{"line":35,"column":33},"end":{"line":35,"column":83}},"type":"binary-expr","locations":[{"start":{"line":35,"column":33},"end":{"line":35,"column":52}},{"start":{"line":35,"column":56},"end":{"line":35,"column":83}}],"line":35},"7":{"loc":{"start":{"line":36,"column":16},"end":{"line":54,"column":17}},"type":"if","locations":[{"start":{"line":36,"column":16},"end":{"line":54,"column":17}},{"start":{"line":42,"column":22},"end":{"line":54,"column":17}}],"line":36},"8":{"loc":{"start":{"line":42,"column":22},"end":{"line":54,"column":17}},"type":"if","locations":[{"start":{"line":42,"column":22},"end":{"line":54,"column":17}},{"start":{"line":48,"column":21},"end":{"line":54,"column":17}}],"line":42},"9":{"loc":{"start":{"line":55,"column":18},"end":{"line":65,"column":13}},"type":"if","locations":[{"start":{"line":55,"column":18},"end":{"line":65,"column":13}},{"start":{"line":60,"column":17},"end":{"line":65,"column":13}}],"line":55},"10":{"loc":{"start":{"line":55,"column":22},"end":{"line":55,"column":90}},"type":"binary-expr","locations":[{"start":{"line":55,"column":22},"end":{"line":55,"column":36}},{"start":{"line":55,"column":40},"end":{"line":55,"column":59}},{"start":{"line":55,"column":63},"end":{"line":55,"column":90}}],"line":55},"11":{"loc":{"start":{"line":75,"column":15},"end":{"line":75,"column":45}},"type":"cond-expr","locations":[{"start":{"line":75,"column":22},"end":{"line":75,"column":38}},{"start":{"line":75,"column":41},"end":{"line":75,"column":45}}],"line":75}},"s":{"0":1,"1":0,"2":0,"3":0,"4":0,"5":0,"6":0,"7":0,"8":0,"9":0,"10":0,"11":0,"12":0,"13":0,"14":0,"15":0,"16":0,"17":0,"18":0,"19":0,"20":0,"21":0,"22":0,"23":0,"24":0,"25":0,"26":0,"27":0,"28":0},"f":{"0":0,"1":0,"2":0,"3":0,"4":0},"b":{"0":[0,0],"1":[0,0],"2":[0,0],"3":[0,0,0],"4":[0,0],"5":[0,0],"6":[0,0],"7":[0,0],"8":[0,0],"9":[0,0],"10":[0,0,0],"11":[0,0]},"meta":{"lastBranch":12,"lastFunction":5,"lastStatement":29,"seen":{"s:3:20:87:1":0,"f:4:11:4:16":0,"s:5:8:66:9":1,"s:6:29:6:77":2,"s:8:33:8:46":3,"b:10:12:15:13:undefined:undefined:undefined:undefined":0,"s:10:12:15:13":4,"s:11:16:14:18":5,"b:13:29:13:49:13:53:13:93":1,"b:17:12:30:13:24:17:30:13":2,"s:17:12:30:13":6,"b:17:16:17:34:17:38:17:64:17:68:17:92":3,"s:18:16:23:18":7,"s:25:16:25:83":8,"s:26:16:29:18":9,"s:32:12:32:68":10,"b:34:12:65:13:55:18:65:13":4,"s:34:12:65:13":11,"b:34:15:34:29:34:33:34:62":5,"s:35:33:35:83":12,"b:35:33:35:52:35:56:35:83":6,"b:36:16:54:17:42:22:54:17":7,"s:36:16:54:17":13,"s:37:20:41:22":14,"b:42:22:54:17:48:21:54:17":8,"s:42:22:54:17":15,"s:43:20:47:22":16,"s:49:20:53:22":17,"b:55:18:65:13:60:17:65:13":9,"s:55:18:65:13":18,"b:55:22:55:36:55:40:55:59:55:63:55:90":10,"s:56:16:59:18":19,"s:61:16:64:18":20,"f:68:17:68:18":1,"s:69:8:69:59":21,"s:70:8:70:45":22,"f:73:17:73:18":2,"s:74:21:74:49":23,"s:75:8:75:46":24,"b:75:22:75:38:75:41:75:45":11,"f:78:14:78:15":3,"s:79:8:79:45":25,"f:82:12:82:13":4,"s:83:8:83:41":26,"s:84:8:84:40":27,"s:85:8:85:40":28}}}
}
